<?xml version="1.0" encoding="UTF-8"?>
<!-- Generated by org.testng.reporters.JUnitXMLReporter -->
<testsuite ignored="0" hostname="LAPTOP-V3DV16BE" failures="0" tests="4" name="Default test" time="23.458" errors="0" timestamp="2024-02-25T10:47:42 EST">
  <testcase classname="testCases.TC_003_LoginTestDataDriven" name="test_loginDataDriven" time="0.338"/>
  <testcase classname="testCases.TC_003_LoginTestDataDriven" name="test_loginDataDriven" time="10.18"/>
  <testcase classname="testCases.TC_003_LoginTestDataDriven" name="test_loginDataDriven" time="0.275"/>
  <testcase classname="testCases.TC_003_LoginTestDataDriven" name="test_loginDataDriven" time="10.168"/>
</testsuite> <!-- Default test -->
